[27-Jul-2014 11:09:51 UTC] PHP Parse error:  syntax error, unexpected 'echo' (T_ECHO) in /Users/Stayyef/Dropbox/_websites_/lb_laravel/vendor/d11wtq/boris/lib/Boris/EvalWorker.php(133) : eval()'d code on line 2
[27-Jul-2014 11:10:39 UTC] PHP Parse error:  syntax error, unexpected '$blog' (T_VARIABLE) in /Users/Stayyef/Dropbox/_websites_/lb_laravel/vendor/d11wtq/boris/lib/Boris/EvalWorker.php(133) : eval()'d code on line 2
[27-Jul-2014 12:09:02 UTC] PHP Strict Standards:  Non-static method Blog::exists() should not be called statically, assuming $this from incompatible context in /Users/Stayyef/Dropbox/_websites_/lb_laravel/vendor/d11wtq/boris/lib/Boris/EvalWorker.php(133) : eval()'d code on line 1
[27-Jul-2014 12:09:36 UTC] PHP Strict Standards:  Non-static method Blog::exists() should not be called statically, assuming $this from incompatible context in /Users/Stayyef/Dropbox/_websites_/lb_laravel/vendor/d11wtq/boris/lib/Boris/EvalWorker.php(133) : eval()'d code on line 1
[28-Jul-2014 18:26:42 UTC] PHP Parse error:  syntax error, unexpected ')' in /Users/Stayyef/Dropbox/_websites_/lb_laravel/app/commands/CrawlRss.php on line 40
[28-Jul-2014 18:52:41 UTC] PHP Fatal error:  Call to undefined function info() in /Users/Stayyef/Dropbox/_websites_/lb_laravel/app/commands/CrawlRss.php on line 63
[28-Jul-2014 18:53:05 UTC] PHP Fatal error:  Call to undefined function info() in /Users/Stayyef/Dropbox/_websites_/lb_laravel/app/commands/CrawlRss.php on line 63
[02-Aug-2014 15:36:23 UTC] PHP Fatal error:  Class 'Carbon' not found in /Users/Stayyef/Dropbox/_websites_/lb_laravel/vendor/d11wtq/boris/lib/Boris/EvalWorker.php(133) : eval()'d code on line 1
[02-Aug-2014 15:36:37 UTC] PHP Notice:  Undefined variable: date in /Users/Stayyef/Dropbox/_websites_/lb_laravel/vendor/d11wtq/boris/lib/Boris/EvalWorker.php(133) : eval()'d code on line 1
[02-Aug-2014 15:36:37 UTC] PHP Notice:  Trying to get property of non-object in /Users/Stayyef/Dropbox/_websites_/lb_laravel/vendor/d11wtq/boris/lib/Boris/EvalWorker.php(133) : eval()'d code on line 1
[02-Aug-2014 15:36:40 UTC] PHP Notice:  Undefined variable: date in /Users/Stayyef/Dropbox/_websites_/lb_laravel/vendor/d11wtq/boris/lib/Boris/EvalWorker.php(133) : eval()'d code on line 2
[02-Aug-2014 15:36:52 UTC] PHP Fatal error:  Class 'Carbon' not found in /Users/Stayyef/Dropbox/_websites_/lb_laravel/vendor/d11wtq/boris/lib/Boris/EvalWorker.php(133) : eval()'d code on line 1
[02-Aug-2014 15:40:15 UTC] PHP Parse error:  syntax error, unexpected '->' (T_OBJECT_OPERATOR) in /Users/Stayyef/Dropbox/_websites_/lb_laravel/vendor/d11wtq/boris/lib/Boris/EvalWorker.php(133) : eval()'d code on line 1
[02-Aug-2014 15:40:20 UTC] PHP Notice:  Undefined property: DateTime::$toTimestamp in /Users/Stayyef/Dropbox/_websites_/lb_laravel/vendor/d11wtq/boris/lib/Boris/EvalWorker.php(133) : eval()'d code on line 1
[02-Aug-2014 15:40:43 UTC] PHP Fatal error:  Undefined class constant 'getTimestamp' in /Users/Stayyef/Dropbox/_websites_/lb_laravel/vendor/d11wtq/boris/lib/Boris/EvalWorker.php(133) : eval()'d code on line 1
[02-Aug-2014 15:40:51 UTC] PHP Fatal error:  Undefined class constant 'getTimestamp' in /Users/Stayyef/Dropbox/_websites_/lb_laravel/vendor/d11wtq/boris/lib/Boris/EvalWorker.php(133) : eval()'d code on line 1
[02-Aug-2014 15:40:57 UTC] PHP Fatal error:  Non-static method DateTime::getTimestamp() cannot be called statically, assuming $this from incompatible context in /Users/Stayyef/Dropbox/_websites_/lb_laravel/vendor/d11wtq/boris/lib/Boris/EvalWorker.php(133) : eval()'d code on line 1
[02-Aug-2014 15:41:18 UTC] PHP Fatal error:  Non-static method DateTime::getTimestamp() cannot be called statically, assuming $this from incompatible context in /Users/Stayyef/Dropbox/_websites_/lb_laravel/vendor/d11wtq/boris/lib/Boris/EvalWorker.php(133) : eval()'d code on line 1
[02-Aug-2014 15:41:21 UTC] PHP Fatal error:  Undefined class constant 'getTimeStamp' in /Users/Stayyef/Dropbox/_websites_/lb_laravel/vendor/d11wtq/boris/lib/Boris/EvalWorker.php(133) : eval()'d code on line 1
[02-Aug-2014 16:41:27 UTC] PHP Fatal error:  Call to undefined function itf8_decode() in /Users/Stayyef/Dropbox/_websites_/lb_laravel/vendor/d11wtq/boris/lib/Boris/EvalWorker.php(133) : eval()'d code on line 1
[03-Aug-2014 08:07:31 UTC] PHP Fatal error:  Class 'Imagick' not found in /Users/Stayyef/Dropbox/_websites_/lb_laravel/app/commands/CrawlRss.php on line 188
[03-Aug-2014 09:13:12 UTC] PHP Notice: A feed could not be found at http://beirutiyat.me/feed/. A feed with an invalid mime type may fall victim to this error, or SimplePie was unable to auto-discover it.. Use force_feed() if you are certain this URL is a real feed. in /Users/Stayyef/Dropbox/_websites_/lb_laravel/vendor/simplepie/simplepie/library/SimplePie.php on line 1520
[03-Aug-2014 09:16:36 UTC] PHP Notice: A feed could not be found at http://code4word.com/feed. A feed with an invalid mime type may fall victim to this error, or SimplePie was unable to auto-discover it.. Use force_feed() if you are certain this URL is a real feed. in /Users/Stayyef/Dropbox/_websites_/lb_laravel/vendor/simplepie/simplepie/library/SimplePie.php on line 1520
[03-Aug-2014 09:16:45 UTC] PHP Notice: This XML document is invalid, likely due to invalid characters. XML error: Invalid document end at line 1, column 75 in /Users/Stayyef/Dropbox/_websites_/lb_laravel/vendor/simplepie/simplepie/library/SimplePie.php on line 1386
[03-Aug-2014 09:22:54 UTC] PHP Notice: A feed could not be found at http://meandbeirut.com/feed/. A feed with an invalid mime type may fall victim to this error, or SimplePie was unable to auto-discover it.. Use force_feed() if you are certain this URL is a real feed. in /Users/Stayyef/Dropbox/_websites_/lb_laravel/vendor/simplepie/simplepie/library/SimplePie.php on line 1520
[03-Aug-2014 09:23:28 UTC] PHP Notice: A feed could not be found at http://www.nadinemoawad.com/feed/. A feed with an invalid mime type may fall victim to this error, or SimplePie was unable to auto-discover it.. Use force_feed() if you are certain this URL is a real feed. in /Users/Stayyef/Dropbox/_websites_/lb_laravel/vendor/simplepie/simplepie/library/SimplePie.php on line 1520
[03-Aug-2014 09:27:45 UTC] PHP Notice: This XML document is invalid, likely due to invalid characters. XML error: Invalid character at line 620, column 31 in /Users/Stayyef/Dropbox/_websites_/lb_laravel/vendor/simplepie/simplepie/library/SimplePie.php on line 1386
[03-Aug-2014 09:29:39 UTC] PHP Notice: A feed could not be found at http://www.theminifashion.com/feeds/posts. A feed with an invalid mime type may fall victim to this error, or SimplePie was unable to auto-discover it.. Use force_feed() if you are certain this URL is a real feed. in /Users/Stayyef/Dropbox/_websites_/lb_laravel/vendor/simplepie/simplepie/library/SimplePie.php on line 1520
[03-Aug-2014 09:30:17 UTC] PHP Notice: A feed could not be found at http://joumananammour.com/?feed=rss2. A feed with an invalid mime type may fall victim to this error, or SimplePie was unable to auto-discover it.. Use force_feed() if you are certain this URL is a real feed. in /Users/Stayyef/Dropbox/_websites_/lb_laravel/vendor/simplepie/simplepie/library/SimplePie.php on line 1520
[04-Aug-2014 15:49:59 UTC] PHP Notice: A feed could not be found at http://beirutiyat.me/feed/. A feed with an invalid mime type may fall victim to this error, or SimplePie was unable to auto-discover it.. Use force_feed() if you are certain this URL is a real feed. in /Users/Stayyef/Dropbox/_websites_/lb_laravel/vendor/simplepie/simplepie/library/SimplePie.php on line 1520
[04-Aug-2014 15:51:59 UTC] PHP Notice: A feed could not be found at http://code4word.com/feed. A feed with an invalid mime type may fall victim to this error, or SimplePie was unable to auto-discover it.. Use force_feed() if you are certain this URL is a real feed. in /Users/Stayyef/Dropbox/_websites_/lb_laravel/vendor/simplepie/simplepie/library/SimplePie.php on line 1520
[04-Aug-2014 15:52:08 UTC] PHP Notice: This XML document is invalid, likely due to invalid characters. XML error: Invalid document end at line 1, column 75 in /Users/Stayyef/Dropbox/_websites_/lb_laravel/vendor/simplepie/simplepie/library/SimplePie.php on line 1386
[04-Aug-2014 16:01:49 UTC] PHP Notice: A feed could not be found at http://meandbeirut.com/feed/. A feed with an invalid mime type may fall victim to this error, or SimplePie was unable to auto-discover it.. Use force_feed() if you are certain this URL is a real feed. in /Users/Stayyef/Dropbox/_websites_/lb_laravel/vendor/simplepie/simplepie/library/SimplePie.php on line 1520
[04-Aug-2014 16:22:35 UTC] PHP Fatal error:  Uncaught exception 'Guzzle\Http\Exception\CurlException' with message '[curl] 52: Empty reply from server [url] http://menaribo.com/2014/08/03/israels-parallel-game/' in /Users/Stayyef/Dropbox/_websites_/lb_laravel/vendor/guzzle/guzzle/src/Guzzle/Http/Curl/CurlMulti.php:342
Stack trace:
#0 /Users/Stayyef/Dropbox/_websites_/lb_laravel/vendor/guzzle/guzzle/src/Guzzle/Http/Curl/CurlMulti.php(283): Guzzle\Http\Curl\CurlMulti->isCurlException(Object(Guzzle\Http\Message\Request), Object(Guzzle\Http\Curl\CurlHandle), Array)
#1 /Users/Stayyef/Dropbox/_websites_/lb_laravel/vendor/guzzle/guzzle/src/Guzzle/Http/Curl/CurlMulti.php(248): Guzzle\Http\Curl\CurlMulti->processResponse(Object(Guzzle\Http\Message\Request), Object(Guzzle\Http\Curl\CurlHandle), Array)
#2 /Users/Stayyef/Dropbox/_websites_/lb_laravel/vendor/guzzle/guzzle/src/Guzzle/Http/Curl/CurlMulti.php(231): Guzzle\Http\Curl\CurlMulti->processMessages()
#3 /Users/Stayyef/Dropbox/_websites_/lb_laravel/vendor/guzzle/guzzle/src/Guzzle/Http/Curl/CurlMulti.php(215):  in /Users/Stayyef/Dropbox/_websites_/lb_laravel/vendor/guzzle/guzzle/src/Guzzle/Http/Curl/CurlMulti.php on line 342
[04-Aug-2014 16:23:21 UTC] PHP Fatal error:  Uncaught exception 'Guzzle\Http\Exception\CurlException' with message '[curl] 52: Empty reply from server [url] http://menaribo.com/2014/08/03/israels-parallel-game/' in /Users/Stayyef/Dropbox/_websites_/lb_laravel/vendor/guzzle/guzzle/src/Guzzle/Http/Curl/CurlMulti.php:342
Stack trace:
#0 /Users/Stayyef/Dropbox/_websites_/lb_laravel/vendor/guzzle/guzzle/src/Guzzle/Http/Curl/CurlMulti.php(283): Guzzle\Http\Curl\CurlMulti->isCurlException(Object(Guzzle\Http\Message\Request), Object(Guzzle\Http\Curl\CurlHandle), Array)
#1 /Users/Stayyef/Dropbox/_websites_/lb_laravel/vendor/guzzle/guzzle/src/Guzzle/Http/Curl/CurlMulti.php(248): Guzzle\Http\Curl\CurlMulti->processResponse(Object(Guzzle\Http\Message\Request), Object(Guzzle\Http\Curl\CurlHandle), Array)
#2 /Users/Stayyef/Dropbox/_websites_/lb_laravel/vendor/guzzle/guzzle/src/Guzzle/Http/Curl/CurlMulti.php(231): Guzzle\Http\Curl\CurlMulti->processMessages()
#3 /Users/Stayyef/Dropbox/_websites_/lb_laravel/vendor/guzzle/guzzle/src/Guzzle/Http/Curl/CurlMulti.php(215):  in /Users/Stayyef/Dropbox/_websites_/lb_laravel/vendor/guzzle/guzzle/src/Guzzle/Http/Curl/CurlMulti.php on line 342
[04-Aug-2014 16:29:06 UTC] PHP Fatal error:  Uncaught exception 'Guzzle\Http\Exception\CurlException' with message '[curl] 52: Empty reply from server [url] http://menaribo.com/2014/08/03/israels-parallel-game/' in /Users/Stayyef/Dropbox/_websites_/lb_laravel/vendor/guzzle/guzzle/src/Guzzle/Http/Curl/CurlMulti.php:342
Stack trace:
#0 /Users/Stayyef/Dropbox/_websites_/lb_laravel/vendor/guzzle/guzzle/src/Guzzle/Http/Curl/CurlMulti.php(283): Guzzle\Http\Curl\CurlMulti->isCurlException(Object(Guzzle\Http\Message\Request), Object(Guzzle\Http\Curl\CurlHandle), Array)
#1 /Users/Stayyef/Dropbox/_websites_/lb_laravel/vendor/guzzle/guzzle/src/Guzzle/Http/Curl/CurlMulti.php(248): Guzzle\Http\Curl\CurlMulti->processResponse(Object(Guzzle\Http\Message\Request), Object(Guzzle\Http\Curl\CurlHandle), Array)
#2 /Users/Stayyef/Dropbox/_websites_/lb_laravel/vendor/guzzle/guzzle/src/Guzzle/Http/Curl/CurlMulti.php(231): Guzzle\Http\Curl\CurlMulti->processMessages()
#3 /Users/Stayyef/Dropbox/_websites_/lb_laravel/vendor/guzzle/guzzle/src/Guzzle/Http/Curl/CurlMulti.php(215):  in /Users/Stayyef/Dropbox/_websites_/lb_laravel/vendor/guzzle/guzzle/src/Guzzle/Http/Curl/CurlMulti.php on line 342
[04-Aug-2014 16:35:33 UTC] PHP Fatal error:  Call to undefined function file_get_content() in /Users/Stayyef/Dropbox/_websites_/lb_laravel/vendor/d11wtq/boris/lib/Boris/EvalWorker.php(133) : eval()'d code on line 1
[04-Aug-2014 16:35:33 UTC] PHP Stack trace:
[04-Aug-2014 16:35:33 UTC] PHP   1. {main}() /Users/Stayyef/Dropbox/_websites_/lb_laravel/artisan:0
[04-Aug-2014 16:35:33 UTC] PHP   2. Symfony\Component\Console\Application->run() /Users/Stayyef/Dropbox/_websites_/lb_laravel/artisan:59
[04-Aug-2014 16:35:33 UTC] PHP   3. Symfony\Component\Console\Application->doRun() /Users/Stayyef/Dropbox/_websites_/lb_laravel/vendor/symfony/console/Symfony/Component/Console/Application.php:124
[04-Aug-2014 16:35:33 UTC] PHP   4. Symfony\Component\Console\Application->doRunCommand() /Users/Stayyef/Dropbox/_websites_/lb_laravel/vendor/symfony/console/Symfony/Component/Console/Application.php:193
[04-Aug-2014 16:35:33 UTC] PHP   5. Illuminate\Console\Command->run() /Users/Stayyef/Dropbox/_websites_/lb_laravel/vendor/symfony/console/Symfony/Component/Console/Application.php:887
[04-Aug-2014 16:35:33 UTC] PHP   6. Symfony\Component\Console\Command\Command->run() /Users/Stayyef/Dropbox/_websites_/lb_laravel/vendor/laravel/framework/src/Illuminate/Console/Command.php:100
[04-Aug-2014 16:35:33 UTC] PHP   7. Illuminate\Console\Command->execute() /Users/Stayyef/Dropbox/_websites_/lb_laravel/vendor/symfony/console/Symfony/Component/Console/Command/Command.php:252
[04-Aug-2014 16:35:33 UTC] PHP   8. Illuminate\Foundation\Console\TinkerCommand->fire() /Users/Stayyef/Dropbox/_websites_/lb_laravel/vendor/laravel/framework/src/Illuminate/Console/Command.php:112
[04-Aug-2014 16:35:33 UTC] PHP   9. Illuminate\Foundation\Console\TinkerCommand->runBorisShell() /Users/Stayyef/Dropbox/_websites_/lb_laravel/vendor/laravel/framework/src/Illuminate/Foundation/Console/TinkerCommand.php:30
[04-Aug-2014 16:35:33 UTC] PHP  10. Boris\Boris->start() /Users/Stayyef/Dropbox/_websites_/lb_laravel/vendor/laravel/framework/src/Illuminate/Foundation/Console/TinkerCommand.php:49
[04-Aug-2014 16:35:33 UTC] PHP  11. Boris\EvalWorker->start() /Users/Stayyef/Dropbox/_websites_/lb_laravel/vendor/d11wtq/boris/lib/Boris/Boris.php:171
[04-Aug-2014 16:35:33 UTC] PHP  12. eval() /Users/Stayyef/Dropbox/_websites_/lb_laravel/vendor/d11wtq/boris/lib/Boris/EvalWorker.php:133
[04-Aug-2014 16:35:41 UTC] PHP Fatal error:  Call to undefined function file_get_content() in /Users/Stayyef/Dropbox/_websites_/lb_laravel/vendor/d11wtq/boris/lib/Boris/EvalWorker.php(133) : eval()'d code on line 1
[04-Aug-2014 16:35:41 UTC] PHP Stack trace:
[04-Aug-2014 16:35:41 UTC] PHP   1. {main}() /Users/Stayyef/Dropbox/_websites_/lb_laravel/artisan:0
[04-Aug-2014 16:35:41 UTC] PHP   2. Symfony\Component\Console\Application->run() /Users/Stayyef/Dropbox/_websites_/lb_laravel/artisan:59
[04-Aug-2014 16:35:41 UTC] PHP   3. Symfony\Component\Console\Application->doRun() /Users/Stayyef/Dropbox/_websites_/lb_laravel/vendor/symfony/console/Symfony/Component/Console/Application.php:124
[04-Aug-2014 16:35:41 UTC] PHP   4. Symfony\Component\Console\Application->doRunCommand() /Users/Stayyef/Dropbox/_websites_/lb_laravel/vendor/symfony/console/Symfony/Component/Console/Application.php:193
[04-Aug-2014 16:35:41 UTC] PHP   5. Illuminate\Console\Command->run() /Users/Stayyef/Dropbox/_websites_/lb_laravel/vendor/symfony/console/Symfony/Component/Console/Application.php:887
[04-Aug-2014 16:35:41 UTC] PHP   6. Symfony\Component\Console\Command\Command->run() /Users/Stayyef/Dropbox/_websites_/lb_laravel/vendor/laravel/framework/src/Illuminate/Console/Command.php:100
[04-Aug-2014 16:35:41 UTC] PHP   7. Illuminate\Console\Command->execute() /Users/Stayyef/Dropbox/_websites_/lb_laravel/vendor/symfony/console/Symfony/Component/Console/Command/Command.php:252
[04-Aug-2014 16:35:41 UTC] PHP   8. Illuminate\Foundation\Console\TinkerCommand->fire() /Users/Stayyef/Dropbox/_websites_/lb_laravel/vendor/laravel/framework/src/Illuminate/Console/Command.php:112
[04-Aug-2014 16:35:41 UTC] PHP   9. Illuminate\Foundation\Console\TinkerCommand->runBorisShell() /Users/Stayyef/Dropbox/_websites_/lb_laravel/vendor/laravel/framework/src/Illuminate/Foundation/Console/TinkerCommand.php:30
[04-Aug-2014 16:35:41 UTC] PHP  10. Boris\Boris->start() /Users/Stayyef/Dropbox/_websites_/lb_laravel/vendor/laravel/framework/src/Illuminate/Foundation/Console/TinkerCommand.php:49
[04-Aug-2014 16:35:41 UTC] PHP  11. Boris\EvalWorker->start() /Users/Stayyef/Dropbox/_websites_/lb_laravel/vendor/d11wtq/boris/lib/Boris/Boris.php:171
[04-Aug-2014 16:35:41 UTC] PHP  12. eval() /Users/Stayyef/Dropbox/_websites_/lb_laravel/vendor/d11wtq/boris/lib/Boris/EvalWorker.php:133
[04-Aug-2014 16:35:59 UTC] PHP Fatal error:  Call to undefined function file_get_content() in /Users/Stayyef/Dropbox/_websites_/lb_laravel/vendor/d11wtq/boris/lib/Boris/EvalWorker.php(133) : eval()'d code on line 1
[04-Aug-2014 16:35:59 UTC] PHP Stack trace:
[04-Aug-2014 16:35:59 UTC] PHP   1. {main}() /Users/Stayyef/Dropbox/_websites_/lb_laravel/artisan:0
[04-Aug-2014 16:35:59 UTC] PHP   2. Symfony\Component\Console\Application->run() /Users/Stayyef/Dropbox/_websites_/lb_laravel/artisan:59
[04-Aug-2014 16:35:59 UTC] PHP   3. Symfony\Component\Console\Application->doRun() /Users/Stayyef/Dropbox/_websites_/lb_laravel/vendor/symfony/console/Symfony/Component/Console/Application.php:124
[04-Aug-2014 16:35:59 UTC] PHP   4. Symfony\Component\Console\Application->doRunCommand() /Users/Stayyef/Dropbox/_websites_/lb_laravel/vendor/symfony/console/Symfony/Component/Console/Application.php:193
[04-Aug-2014 16:35:59 UTC] PHP   5. Illuminate\Console\Command->run() /Users/Stayyef/Dropbox/_websites_/lb_laravel/vendor/symfony/console/Symfony/Component/Console/Application.php:887
[04-Aug-2014 16:35:59 UTC] PHP   6. Symfony\Component\Console\Command\Command->run() /Users/Stayyef/Dropbox/_websites_/lb_laravel/vendor/laravel/framework/src/Illuminate/Console/Command.php:100
[04-Aug-2014 16:35:59 UTC] PHP   7. Illuminate\Console\Command->execute() /Users/Stayyef/Dropbox/_websites_/lb_laravel/vendor/symfony/console/Symfony/Component/Console/Command/Command.php:252
[04-Aug-2014 16:35:59 UTC] PHP   8. Illuminate\Foundation\Console\TinkerCommand->fire() /Users/Stayyef/Dropbox/_websites_/lb_laravel/vendor/laravel/framework/src/Illuminate/Console/Command.php:112
[04-Aug-2014 16:35:59 UTC] PHP   9. Illuminate\Foundation\Console\TinkerCommand->runBorisShell() /Users/Stayyef/Dropbox/_websites_/lb_laravel/vendor/laravel/framework/src/Illuminate/Foundation/Console/TinkerCommand.php:30
[04-Aug-2014 16:35:59 UTC] PHP  10. Boris\Boris->start() /Users/Stayyef/Dropbox/_websites_/lb_laravel/vendor/laravel/framework/src/Illuminate/Foundation/Console/TinkerCommand.php:49
[04-Aug-2014 16:35:59 UTC] PHP  11. Boris\EvalWorker->start() /Users/Stayyef/Dropbox/_websites_/lb_laravel/vendor/d11wtq/boris/lib/Boris/Boris.php:171
[04-Aug-2014 16:35:59 UTC] PHP  12. eval() /Users/Stayyef/Dropbox/_websites_/lb_laravel/vendor/d11wtq/boris/lib/Boris/EvalWorker.php:133
[04-Aug-2014 16:58:07 UTC] PHP Parse error:  syntax error, unexpected ';', expecting ']' in /Users/Stayyef/Dropbox/_websites_/lb_laravel/app/libraries/crawlHelpers.php on line 23
[04-Aug-2014 16:58:07 UTC] PHP Stack trace:
[04-Aug-2014 16:58:07 UTC] PHP   1. {main}() /Users/Stayyef/Dropbox/_websites_/lb_laravel/artisan:0
[04-Aug-2014 16:58:07 UTC] PHP   2. Symfony\Component\Console\Application->run() /Users/Stayyef/Dropbox/_websites_/lb_laravel/artisan:59
[04-Aug-2014 16:58:07 UTC] PHP   3. Symfony\Component\Console\Application->doRun() /Users/Stayyef/Dropbox/_websites_/lb_laravel/vendor/symfony/console/Symfony/Component/Console/Application.php:124
[04-Aug-2014 16:58:07 UTC] PHP   4. Symfony\Component\Console\Application->doRunCommand() /Users/Stayyef/Dropbox/_websites_/lb_laravel/vendor/symfony/console/Symfony/Component/Console/Application.php:193
[04-Aug-2014 16:58:07 UTC] PHP   5. Illuminate\Console\Command->run() /Users/Stayyef/Dropbox/_websites_/lb_laravel/vendor/symfony/console/Symfony/Component/Console/Application.php:887
[04-Aug-2014 16:58:07 UTC] PHP   6. Symfony\Component\Console\Command\Command->run() /Users/Stayyef/Dropbox/_websites_/lb_laravel/vendor/laravel/framework/src/Illuminate/Console/Command.php:100
[04-Aug-2014 16:58:07 UTC] PHP   7. Illuminate\Console\Command->execute() /Users/Stayyef/Dropbox/_websites_/lb_laravel/vendor/symfony/console/Symfony/Component/Console/Command/Command.php:252
[04-Aug-2014 16:58:07 UTC] PHP   8. Illuminate\Foundation\Console\TinkerCommand->fire() /Users/Stayyef/Dropbox/_websites_/lb_laravel/vendor/laravel/framework/src/Illuminate/Console/Command.php:112
[04-Aug-2014 16:58:07 UTC] PHP   9. Illuminate\Foundation\Console\TinkerCommand->runBorisShell() /Users/Stayyef/Dropbox/_websites_/lb_laravel/vendor/laravel/framework/src/Illuminate/Foundation/Console/TinkerCommand.php:30
[04-Aug-2014 16:58:07 UTC] PHP  10. Boris\Boris->start() /Users/Stayyef/Dropbox/_websites_/lb_laravel/vendor/laravel/framework/src/Illuminate/Foundation/Console/TinkerCommand.php:49
[04-Aug-2014 16:58:07 UTC] PHP  11. Boris\EvalWorker->start() /Users/Stayyef/Dropbox/_websites_/lb_laravel/vendor/d11wtq/boris/lib/Boris/Boris.php:171
[04-Aug-2014 16:58:07 UTC] PHP  12. eval() /Users/Stayyef/Dropbox/_websites_/lb_laravel/vendor/d11wtq/boris/lib/Boris/EvalWorker.php:133
[04-Aug-2014 16:58:07 UTC] PHP  13. Illuminate\Support\ClassLoader::load() /Users/Stayyef/Dropbox/_websites_/lb_laravel/vendor/d11wtq/boris/lib/Boris/EvalWorker.php:0
[04-Aug-2014 16:58:26 UTC] PHP Parse error:  syntax error, unexpected ';', expecting ']' in /Users/Stayyef/Dropbox/_websites_/lb_laravel/app/libraries/crawlHelpers.php on line 23
[04-Aug-2014 16:58:26 UTC] PHP Stack trace:
[04-Aug-2014 16:58:26 UTC] PHP   1. {main}() /Users/Stayyef/Dropbox/_websites_/lb_laravel/artisan:0
[04-Aug-2014 16:58:26 UTC] PHP   2. Symfony\Component\Console\Application->run() /Users/Stayyef/Dropbox/_websites_/lb_laravel/artisan:59
[04-Aug-2014 16:58:26 UTC] PHP   3. Symfony\Component\Console\Application->doRun() /Users/Stayyef/Dropbox/_websites_/lb_laravel/vendor/symfony/console/Symfony/Component/Console/Application.php:124
[04-Aug-2014 16:58:26 UTC] PHP   4. Symfony\Component\Console\Application->doRunCommand() /Users/Stayyef/Dropbox/_websites_/lb_laravel/vendor/symfony/console/Symfony/Component/Console/Application.php:193
[04-Aug-2014 16:58:26 UTC] PHP   5. Illuminate\Console\Command->run() /Users/Stayyef/Dropbox/_websites_/lb_laravel/vendor/symfony/console/Symfony/Component/Console/Application.php:887
[04-Aug-2014 16:58:26 UTC] PHP   6. Symfony\Component\Console\Command\Command->run() /Users/Stayyef/Dropbox/_websites_/lb_laravel/vendor/laravel/framework/src/Illuminate/Console/Command.php:100
[04-Aug-2014 16:58:26 UTC] PHP   7. Illuminate\Console\Command->execute() /Users/Stayyef/Dropbox/_websites_/lb_laravel/vendor/symfony/console/Symfony/Component/Console/Command/Command.php:252
[04-Aug-2014 16:58:26 UTC] PHP   8. Illuminate\Foundation\Console\TinkerCommand->fire() /Users/Stayyef/Dropbox/_websites_/lb_laravel/vendor/laravel/framework/src/Illuminate/Console/Command.php:112
[04-Aug-2014 16:58:26 UTC] PHP   9. Illuminate\Foundation\Console\TinkerCommand->runBorisShell() /Users/Stayyef/Dropbox/_websites_/lb_laravel/vendor/laravel/framework/src/Illuminate/Foundation/Console/TinkerCommand.php:30
[04-Aug-2014 16:58:26 UTC] PHP  10. Boris\Boris->start() /Users/Stayyef/Dropbox/_websites_/lb_laravel/vendor/laravel/framework/src/Illuminate/Foundation/Console/TinkerCommand.php:49
[04-Aug-2014 16:58:26 UTC] PHP  11. Boris\EvalWorker->start() /Users/Stayyef/Dropbox/_websites_/lb_laravel/vendor/d11wtq/boris/lib/Boris/Boris.php:171
[04-Aug-2014 16:58:26 UTC] PHP  12. eval() /Users/Stayyef/Dropbox/_websites_/lb_laravel/vendor/d11wtq/boris/lib/Boris/EvalWorker.php:133
[04-Aug-2014 16:58:26 UTC] PHP  13. Illuminate\Support\ClassLoader::load() /Users/Stayyef/Dropbox/_websites_/lb_laravel/vendor/d11wtq/boris/lib/Boris/EvalWorker.php:0
[04-Aug-2014 16:58:39 UTC] PHP Parse error:  syntax error, unexpected ';', expecting ']' in /Users/Stayyef/Dropbox/_websites_/lb_laravel/app/libraries/crawlHelpers.php on line 23
[04-Aug-2014 16:58:39 UTC] PHP Stack trace:
[04-Aug-2014 16:58:39 UTC] PHP   1. {main}() /Users/Stayyef/Dropbox/_websites_/lb_laravel/artisan:0
[04-Aug-2014 16:58:39 UTC] PHP   2. Symfony\Component\Console\Application->run() /Users/Stayyef/Dropbox/_websites_/lb_laravel/artisan:59
[04-Aug-2014 16:58:39 UTC] PHP   3. Symfony\Component\Console\Application->doRun() /Users/Stayyef/Dropbox/_websites_/lb_laravel/vendor/symfony/console/Symfony/Component/Console/Application.php:124
[04-Aug-2014 16:58:39 UTC] PHP   4. Symfony\Component\Console\Application->doRunCommand() /Users/Stayyef/Dropbox/_websites_/lb_laravel/vendor/symfony/console/Symfony/Component/Console/Application.php:193
[04-Aug-2014 16:58:39 UTC] PHP   5. Illuminate\Console\Command->run() /Users/Stayyef/Dropbox/_websites_/lb_laravel/vendor/symfony/console/Symfony/Component/Console/Application.php:887
[04-Aug-2014 16:58:39 UTC] PHP   6. Symfony\Component\Console\Command\Command->run() /Users/Stayyef/Dropbox/_websites_/lb_laravel/vendor/laravel/framework/src/Illuminate/Console/Command.php:100
[04-Aug-2014 16:58:39 UTC] PHP   7. Illuminate\Console\Command->execute() /Users/Stayyef/Dropbox/_websites_/lb_laravel/vendor/symfony/console/Symfony/Component/Console/Command/Command.php:252
[04-Aug-2014 16:58:39 UTC] PHP   8. Illuminate\Foundation\Console\TinkerCommand->fire() /Users/Stayyef/Dropbox/_websites_/lb_laravel/vendor/laravel/framework/src/Illuminate/Console/Command.php:112
[04-Aug-2014 16:58:39 UTC] PHP   9. Illuminate\Foundation\Console\TinkerCommand->runBorisShell() /Users/Stayyef/Dropbox/_websites_/lb_laravel/vendor/laravel/framework/src/Illuminate/Foundation/Console/TinkerCommand.php:30
[04-Aug-2014 16:58:39 UTC] PHP  10. Boris\Boris->start() /Users/Stayyef/Dropbox/_websites_/lb_laravel/vendor/laravel/framework/src/Illuminate/Foundation/Console/TinkerCommand.php:49
[04-Aug-2014 16:58:39 UTC] PHP  11. Boris\EvalWorker->start() /Users/Stayyef/Dropbox/_websites_/lb_laravel/vendor/d11wtq/boris/lib/Boris/Boris.php:171
[04-Aug-2014 16:58:39 UTC] PHP  12. eval() /Users/Stayyef/Dropbox/_websites_/lb_laravel/vendor/d11wtq/boris/lib/Boris/EvalWorker.php:133
[04-Aug-2014 16:58:39 UTC] PHP  13. Illuminate\Support\ClassLoader::load() /Users/Stayyef/Dropbox/_websites_/lb_laravel/vendor/d11wtq/boris/lib/Boris/EvalWorker.php:0
[04-Aug-2014 16:59:23 UTC] PHP Parse error:  syntax error, unexpected ';', expecting ']' in /Users/Stayyef/Dropbox/_websites_/lb_laravel/app/libraries/crawlHelpers.php on line 23
[04-Aug-2014 16:59:23 UTC] PHP Stack trace:
[04-Aug-2014 16:59:23 UTC] PHP   1. {main}() /Users/Stayyef/Dropbox/_websites_/lb_laravel/artisan:0
[04-Aug-2014 16:59:23 UTC] PHP   2. Symfony\Component\Console\Application->run() /Users/Stayyef/Dropbox/_websites_/lb_laravel/artisan:59
[04-Aug-2014 16:59:23 UTC] PHP   3. Symfony\Component\Console\Application->doRun() /Users/Stayyef/Dropbox/_websites_/lb_laravel/vendor/symfony/console/Symfony/Component/Console/Application.php:124
[04-Aug-2014 16:59:23 UTC] PHP   4. Symfony\Component\Console\Application->doRunCommand() /Users/Stayyef/Dropbox/_websites_/lb_laravel/vendor/symfony/console/Symfony/Component/Console/Application.php:193
[04-Aug-2014 16:59:23 UTC] PHP   5. Illuminate\Console\Command->run() /Users/Stayyef/Dropbox/_websites_/lb_laravel/vendor/symfony/console/Symfony/Component/Console/Application.php:887
[04-Aug-2014 16:59:23 UTC] PHP   6. Symfony\Component\Console\Command\Command->run() /Users/Stayyef/Dropbox/_websites_/lb_laravel/vendor/laravel/framework/src/Illuminate/Console/Command.php:100
[04-Aug-2014 16:59:23 UTC] PHP   7. Illuminate\Console\Command->execute() /Users/Stayyef/Dropbox/_websites_/lb_laravel/vendor/symfony/console/Symfony/Component/Console/Command/Command.php:252
[04-Aug-2014 16:59:23 UTC] PHP   8. CrawlRss->fire() /Users/Stayyef/Dropbox/_websites_/lb_laravel/vendor/laravel/framework/src/Illuminate/Console/Command.php:112
[04-Aug-2014 16:59:23 UTC] PHP   9. CrawlRss->exploreFeed() /Users/Stayyef/Dropbox/_websites_/lb_laravel/app/commands/CrawlRss.php:62
[04-Aug-2014 16:59:23 UTC] PHP  10. Illuminate\Support\ClassLoader::load() /Users/Stayyef/Dropbox/_websites_/lb_laravel/app/commands/CrawlRss.php:0
[04-Aug-2014 17:02:05 UTC] PHP Notice: A feed could not be found at http://beirutiyat.me/feed/. A feed with an invalid mime type may fall victim to this error, or SimplePie was unable to auto-discover it.. Use force_feed() if you are certain this URL is a real feed. in /Users/Stayyef/Dropbox/_websites_/lb_laravel/vendor/simplepie/simplepie/library/SimplePie.php on line 1520
[04-Aug-2014 17:02:32 UTC] PHP Notice: A feed could not be found at http://code4word.com/feed. A feed with an invalid mime type may fall victim to this error, or SimplePie was unable to auto-discover it.. Use force_feed() if you are certain this URL is a real feed. in /Users/Stayyef/Dropbox/_websites_/lb_laravel/vendor/simplepie/simplepie/library/SimplePie.php on line 1520
[04-Aug-2014 17:02:40 UTC] PHP Notice: This XML document is invalid, likely due to invalid characters. XML error: Invalid document end at line 1, column 75 in /Users/Stayyef/Dropbox/_websites_/lb_laravel/vendor/simplepie/simplepie/library/SimplePie.php on line 1386
[04-Aug-2014 17:05:01 UTC] PHP Notice: A feed could not be found at http://meandbeirut.com/feed/. A feed with an invalid mime type may fall victim to this error, or SimplePie was unable to auto-discover it.. Use force_feed() if you are certain this URL is a real feed. in /Users/Stayyef/Dropbox/_websites_/lb_laravel/vendor/simplepie/simplepie/library/SimplePie.php on line 1520
[04-Aug-2014 17:05:33 UTC] PHP Notice: A feed could not be found at http://www.nadinemoawad.com/feed/. A feed with an invalid mime type may fall victim to this error, or SimplePie was unable to auto-discover it.. Use force_feed() if you are certain this URL is a real feed. in /Users/Stayyef/Dropbox/_websites_/lb_laravel/vendor/simplepie/simplepie/library/SimplePie.php on line 1520
[04-Aug-2014 17:08:33 UTC] PHP Notice: This XML document is invalid, likely due to invalid characters. XML error: Invalid character at line 620, column 31 in /Users/Stayyef/Dropbox/_websites_/lb_laravel/vendor/simplepie/simplepie/library/SimplePie.php on line 1386
[04-Aug-2014 17:09:41 UTC] PHP Notice: A feed could not be found at http://www.theminifashion.com/feeds/posts. A feed with an invalid mime type may fall victim to this error, or SimplePie was unable to auto-discover it.. Use force_feed() if you are certain this URL is a real feed. in /Users/Stayyef/Dropbox/_websites_/lb_laravel/vendor/simplepie/simplepie/library/SimplePie.php on line 1520
[04-Aug-2014 17:16:37 UTC] PHP Parse error:  syntax error, unexpected '@', expecting '(' in /Users/Stayyef/Dropbox/_websites_/lb_laravel/app/libraries/crawlHelpers.php on line 45
[04-Aug-2014 17:16:37 UTC] PHP Stack trace:
[04-Aug-2014 17:16:37 UTC] PHP   1. {main}() /Users/Stayyef/Dropbox/_websites_/lb_laravel/artisan:0
[04-Aug-2014 17:16:37 UTC] PHP   2. Symfony\Component\Console\Application->run() /Users/Stayyef/Dropbox/_websites_/lb_laravel/artisan:59
[04-Aug-2014 17:16:37 UTC] PHP   3. Symfony\Component\Console\Application->doRun() /Users/Stayyef/Dropbox/_websites_/lb_laravel/vendor/symfony/console/Symfony/Component/Console/Application.php:124
[04-Aug-2014 17:16:37 UTC] PHP   4. Symfony\Component\Console\Application->doRunCommand() /Users/Stayyef/Dropbox/_websites_/lb_laravel/vendor/symfony/console/Symfony/Component/Console/Application.php:193
[04-Aug-2014 17:16:37 UTC] PHP   5. Illuminate\Console\Command->run() /Users/Stayyef/Dropbox/_websites_/lb_laravel/vendor/symfony/console/Symfony/Component/Console/Application.php:887
[04-Aug-2014 17:16:37 UTC] PHP   6. Symfony\Component\Console\Command\Command->run() /Users/Stayyef/Dropbox/_websites_/lb_laravel/vendor/laravel/framework/src/Illuminate/Console/Command.php:100
[04-Aug-2014 17:16:37 UTC] PHP   7. Illuminate\Console\Command->execute() /Users/Stayyef/Dropbox/_websites_/lb_laravel/vendor/symfony/console/Symfony/Component/Console/Command/Command.php:252
[04-Aug-2014 17:16:37 UTC] PHP   8. CrawlRss->fire() /Users/Stayyef/Dropbox/_websites_/lb_laravel/vendor/laravel/framework/src/Illuminate/Console/Command.php:112
[04-Aug-2014 17:16:37 UTC] PHP   9. CrawlRss->exploreFeed() /Users/Stayyef/Dropbox/_websites_/lb_laravel/app/commands/CrawlRss.php:62
[04-Aug-2014 17:16:37 UTC] PHP  10. Illuminate\Support\ClassLoader::load() /Users/Stayyef/Dropbox/_websites_/lb_laravel/app/commands/CrawlRss.php:0
[07-Aug-2014 15:52:48 UTC] PHP Notice: A feed could not be found at http://beirutiyat.me/feed/. A feed with an invalid mime type may fall victim to this error, or SimplePie was unable to auto-discover it.. Use force_feed() if you are certain this URL is a real feed. in /Users/Stayyef/Dropbox/_websites_/lb_laravel/vendor/simplepie/simplepie/library/SimplePie.php on line 1520
[07-Aug-2014 15:55:53 UTC] PHP Notice: A feed could not be found at http://code4word.com/feed. A feed with an invalid mime type may fall victim to this error, or SimplePie was unable to auto-discover it.. Use force_feed() if you are certain this URL is a real feed. in /Users/Stayyef/Dropbox/_websites_/lb_laravel/vendor/simplepie/simplepie/library/SimplePie.php on line 1520
[07-Aug-2014 15:56:06 UTC] PHP Notice: This XML document is invalid, likely due to invalid characters. XML error: Invalid document end at line 1, column 75 in /Users/Stayyef/Dropbox/_websites_/lb_laravel/vendor/simplepie/simplepie/library/SimplePie.php on line 1386
[07-Aug-2014 16:00:14 UTC] PHP Notice: A feed could not be found at http://meandbeirut.com/feed/. A feed with an invalid mime type may fall victim to this error, or SimplePie was unable to auto-discover it.. Use force_feed() if you are certain this URL is a real feed. in /Users/Stayyef/Dropbox/_websites_/lb_laravel/vendor/simplepie/simplepie/library/SimplePie.php on line 1520
[07-Aug-2014 16:09:34 UTC] PHP Notice: A feed could not be found at http://beirutiyat.me/feed/. A feed with an invalid mime type may fall victim to this error, or SimplePie was unable to auto-discover it.. Use force_feed() if you are certain this URL is a real feed. in /Users/Stayyef/Dropbox/_websites_/lb_laravel/vendor/simplepie/simplepie/library/SimplePie.php on line 1520
[07-Aug-2014 16:09:55 UTC] PHP Notice: A feed could not be found at http://code4word.com/feed. A feed with an invalid mime type may fall victim to this error, or SimplePie was unable to auto-discover it.. Use force_feed() if you are certain this URL is a real feed. in /Users/Stayyef/Dropbox/_websites_/lb_laravel/vendor/simplepie/simplepie/library/SimplePie.php on line 1520
[07-Aug-2014 16:10:04 UTC] PHP Notice: This XML document is invalid, likely due to invalid characters. XML error: Invalid document end at line 1, column 75 in /Users/Stayyef/Dropbox/_websites_/lb_laravel/vendor/simplepie/simplepie/library/SimplePie.php on line 1386
[07-Aug-2014 16:12:19 UTC] PHP Notice: A feed could not be found at http://meandbeirut.com/feed/. A feed with an invalid mime type may fall victim to this error, or SimplePie was unable to auto-discover it.. Use force_feed() if you are certain this URL is a real feed. in /Users/Stayyef/Dropbox/_websites_/lb_laravel/vendor/simplepie/simplepie/library/SimplePie.php on line 1520
[07-Aug-2014 16:12:40 UTC] PHP Notice: A feed could not be found at http://www.nadinemoawad.com/feed/. A feed with an invalid mime type may fall victim to this error, or SimplePie was unable to auto-discover it.. Use force_feed() if you are certain this URL is a real feed. in /Users/Stayyef/Dropbox/_websites_/lb_laravel/vendor/simplepie/simplepie/library/SimplePie.php on line 1520
[07-Aug-2014 16:17:06 UTC] PHP Notice: This XML document is invalid, likely due to invalid characters. XML error: Invalid character at line 620, column 31 in /Users/Stayyef/Dropbox/_websites_/lb_laravel/vendor/simplepie/simplepie/library/SimplePie.php on line 1386
[07-Aug-2014 16:18:48 UTC] PHP Notice: A feed could not be found at http://www.theminifashion.com/feeds/posts. A feed with an invalid mime type may fall victim to this error, or SimplePie was unable to auto-discover it.. Use force_feed() if you are certain this URL is a real feed. in /Users/Stayyef/Dropbox/_websites_/lb_laravel/vendor/simplepie/simplepie/library/SimplePie.php on line 1520
[07-Aug-2014 16:19:16 UTC] PHP Notice: A feed could not be found at http://joumananammour.com/?feed=rss2. A feed with an invalid mime type may fall victim to this error, or SimplePie was unable to auto-discover it.. Use force_feed() if you are certain this URL is a real feed. in /Users/Stayyef/Dropbox/_websites_/lb_laravel/vendor/simplepie/simplepie/library/SimplePie.php on line 1520
[07-Aug-2014 16:49:03 UTC] PHP Notice: A feed could not be found at http://mustapha.me/feed/. A feed with an invalid mime type may fall victim to this error, or SimplePie was unable to auto-discover it.. Use force_feed() if you are certain this URL is a real feed. in /Users/Stayyef/Dropbox/_websites_/lb_laravel/vendor/simplepie/simplepie/library/SimplePie.php on line 1520
